<?xml version="1.0" encoding="UTF-8"?>
<testng-results skipped="0" failed="0" ignored="0" total="1" passed="1">
  <reporter-output>
  </reporter-output>
  <suite name="Default suite" duration-ms="49560" started-at="2019-03-10T06:03:50Z" finished-at="2019-03-10T06:04:39Z">
    <groups>
    </groups>
    <test name="Default test" duration-ms="49560" started-at="2019-03-10T06:03:50Z" finished-at="2019-03-10T06:04:39Z">
      <class name="tests.NewTest">
        <test-method status="PASS" signature="beforeClass()[pri:0, instance:tests.NewTest@44c8afef]" name="beforeClass" is-config="true" duration-ms="15712" started-at="2019-03-10T06:03:50Z" finished-at="2019-03-10T06:04:06Z">
          <reporter-output>
          </reporter-output>
        </test-method> <!-- beforeClass -->
        <test-method status="PASS" signature="openMyBlog()[pri:0, instance:tests.NewTest@44c8afef]" name="openMyBlog" duration-ms="32958" started-at="2019-03-10T06:04:06Z" finished-at="2019-03-10T06:04:39Z">
          <reporter-output>
          </reporter-output>
        </test-method> <!-- openMyBlog -->
        <test-method status="PASS" signature="afterClass()[pri:0, instance:tests.NewTest@44c8afef]" name="afterClass" is-config="true" duration-ms="872" started-at="2019-03-10T06:04:39Z" finished-at="2019-03-10T06:04:39Z">
          <reporter-output>
          </reporter-output>
        </test-method> <!-- afterClass -->
      </class> <!-- tests.NewTest -->
    </test> <!-- Default test -->
  </suite> <!-- Default suite -->
</testng-results>
